<?xml version="1.0" encoding="UTF-8"?>
<testsuite name="com.sanwaf.core.ParameterLengthsTest" time="0.002" tests="8" errors="0" skipped="0" failures="0">
  <properties>
[...]
</properties>
  <testcase name="TestMaxMinLength" classname="com.sanwaf.core.ParameterLengthsTest" time="0"/>
  <testcase name="testChar" classname="com.sanwaf.core.ParameterLengthsTest" time="0"/>
  <testcase name="testAlphanumeric" classname="com.sanwaf.core.ParameterLengthsTest" time="0"/>
  <testcase name="testNumericDelimited" classname="com.sanwaf.core.ParameterLengthsTest" time="0.001"/>
  <testcase name="testCustomRegex" classname="com.sanwaf.core.ParameterLengthsTest" time="0.001"/>
  <testcase name="testNumeric" classname="com.sanwaf.core.ParameterLengthsTest" time="0"/>
  <testcase name="testAlphanumericAndMore" classname="com.sanwaf.core.ParameterLengthsTest" time="0"/>
  <testcase name="testStringType" classname="com.sanwaf.core.ParameterLengthsTest" time="0"/>
</testsuite>